[Thu Dec 18 05:04:36 PM MSK 2025] Начало записи: screen_20251218_170436_segment_0.mp4
[Thu Dec 18 05:09:37 PM MSK 2025] Завершена запись: screen_20251218_170436_segment_0.mp4
[Thu Dec 18 05:09:38 PM MSK 2025] Начало записи: screen_20251218_170938_segment_1.mp4
[Thu Dec 18 05:14:38 PM MSK 2025] Завершена запись: screen_20251218_170938_segment_1.mp4
[Thu Dec 18 05:14:39 PM MSK 2025] Начало записи: screen_20251218_171439_segment_2.mp4
[Thu Dec 18 09:21:08 PM MSK 2025] Завершена запись: screen_20251218_171439_segment_2.mp4
[Thu Dec 18 09:21:09 PM MSK 2025] Начало записи: screen_20251218_212109_segment_3.mp4
[Thu Dec 18 09:26:09 PM MSK 2025] Завершена запись: screen_20251218_212109_segment_3.mp4
[Thu Dec 18 09:26:10 PM MSK 2025] Начало записи: screen_20251218_212610_segment_4.mp4
[Thu Dec 18 09:31:10 PM MSK 2025] Завершена запись: screen_20251218_212610_segment_4.mp4
[Thu Dec 18 09:31:11 PM MSK 2025] Начало записи: screen_20251218_213111_segment_5.mp4
[Thu Dec 18 09:38:14 PM MSK 2025] Завершена запись: screen_20251218_213111_segment_5.mp4
[Thu Dec 18 09:38:15 PM MSK 2025] Начало записи: screen_20251218_213815_segment_6.mp4
[Thu Dec 18 09:43:16 PM MSK 2025] Завершена запись: screen_20251218_213815_segment_6.mp4
[Thu Dec 18 09:43:17 PM MSK 2025] Начало записи: screen_20251218_214317_segment_7.mp4
[Thu Dec 18 09:48:17 PM MSK 2025] Завершена запись: screen_20251218_214317_segment_7.mp4
[Thu Dec 18 09:48:18 PM MSK 2025] Начало записи: screen_20251218_214818_segment_8.mp4
[Thu Dec 18 09:53:18 PM MSK 2025] Завершена запись: screen_20251218_214818_segment_8.mp4
[Thu Dec 18 09:53:19 PM MSK 2025] Начало записи: screen_20251218_215319_segment_9.mp4
[Thu Dec 18 09:58:20 PM MSK 2025] Завершена запись: screen_20251218_215319_segment_9.mp4
[Thu Dec 18 09:58:21 PM MSK 2025] Начало записи: screen_20251218_215821_segment_10.mp4
[Thu Dec 18 10:03:21 PM MSK 2025] Завершена запись: screen_20251218_215821_segment_10.mp4
[Thu Dec 18 10:03:22 PM MSK 2025] Начало записи: screen_20251218_220322_segment_11.mp4
[Thu Dec 18 10:08:23 PM MSK 2025] Завершена запись: screen_20251218_220322_segment_11.mp4
[Thu Dec 18 10:08:24 PM MSK 2025] Начало записи: screen_20251218_220824_segment_12.mp4
[Thu Dec 18 10:13:24 PM MSK 2025] Завершена запись: screen_20251218_220824_segment_12.mp4
[Thu Dec 18 10:13:25 PM MSK 2025] Начало записи: screen_20251218_221325_segment_13.mp4
[Thu Dec 18 10:18:25 PM MSK 2025] Завершена запись: screen_20251218_221325_segment_13.mp4
[Thu Dec 18 10:18:27 PM MSK 2025] Начало записи: screen_20251218_221827_segment_14.mp4
[Thu Dec 18 10:23:27 PM MSK 2025] Завершена запись: screen_20251218_221827_segment_14.mp4
[Thu Dec 18 10:23:28 PM MSK 2025] Начало записи: screen_20251218_222328_segment_15.mp4
[Thu Dec 18 10:28:28 PM MSK 2025] Завершена запись: screen_20251218_222328_segment_15.mp4
[Thu Dec 18 10:28:29 PM MSK 2025] Начало записи: screen_20251218_222829_segment_16.mp4
[Fri Dec 19 09:46:08 AM MSK 2025] Завершена запись: screen_20251218_222829_segment_16.mp4
[Fri Dec 19 09:46:09 AM MSK 2025] Начало записи: screen_20251219_094609_segment_17.mp4
[Fri Dec 19 09:51:10 AM MSK 2025] Завершена запись: screen_20251219_094609_segment_17.mp4
[Fri Dec 19 09:51:11 AM MSK 2025] Начало записи: screen_20251219_095111_segment_18.mp4
[Fri Dec 19 09:56:11 AM MSK 2025] Завершена запись: screen_20251219_095111_segment_18.mp4
[Fri Dec 19 09:56:12 AM MSK 2025] Начало записи: screen_20251219_095612_segment_19.mp4
[Fri Dec 19 10:01:12 AM MSK 2025] Завершена запись: screen_20251219_095612_segment_19.mp4
[Fri Dec 19 10:01:13 AM MSK 2025] Начало записи: screen_20251219_100113_segment_20.mp4
[Fri Dec 19 10:06:13 AM MSK 2025] Завершена запись: screen_20251219_100113_segment_20.mp4
[Fri Dec 19 10:06:14 AM MSK 2025] Начало записи: screen_20251219_100614_segment_21.mp4
[Fri Dec 19 10:11:14 AM MSK 2025] Завершена запись: screen_20251219_100614_segment_21.mp4
[Fri Dec 19 10:11:15 AM MSK 2025] Начало записи: screen_20251219_101115_segment_22.mp4
[Fri Dec 19 10:16:15 AM MSK 2025] Завершена запись: screen_20251219_101115_segment_22.mp4
[Fri Dec 19 10:16:16 AM MSK 2025] Начало записи: screen_20251219_101616_segment_23.mp4
[Fri Dec 19 10:21:17 AM MSK 2025] Завершена запись: screen_20251219_101616_segment_23.mp4
[Fri Dec 19 10:21:18 AM MSK 2025] Начало записи: screen_20251219_102118_segment_24.mp4
[Fri Dec 19 10:26:18 AM MSK 2025] Завершена запись: screen_20251219_102118_segment_24.mp4
[Fri Dec 19 10:26:19 AM MSK 2025] Начало записи: screen_20251219_102619_segment_25.mp4
[Fri Dec 19 10:31:19 AM MSK 2025] Завершена запись: screen_20251219_102619_segment_25.mp4
[Fri Dec 19 10:31:20 AM MSK 2025] Начало записи: screen_20251219_103120_segment_26.mp4
[Fri Dec 19 10:36:20 AM MSK 2025] Завершена запись: screen_20251219_103120_segment_26.mp4
[Fri Dec 19 10:36:21 AM MSK 2025] Начало записи: screen_20251219_103621_segment_27.mp4
[Fri Dec 19 10:41:22 AM MSK 2025] Завершена запись: screen_20251219_103621_segment_27.mp4
[Fri Dec 19 10:41:23 AM MSK 2025] Начало записи: screen_20251219_104123_segment_28.mp4
[Fri Dec 19 10:46:24 AM MSK 2025] Завершена запись: screen_20251219_104123_segment_28.mp4
[Fri Dec 19 10:46:25 AM MSK 2025] Начало записи: screen_20251219_104625_segment_29.mp4
[Fri Dec 19 10:51:25 AM MSK 2025] Завершена запись: screen_20251219_104625_segment_29.mp4
[Fri Dec 19 10:51:26 AM MSK 2025] Начало записи: screen_20251219_105126_segment_30.mp4
[Fri Dec 19 10:56:26 AM MSK 2025] Завершена запись: screen_20251219_105126_segment_30.mp4
[Fri Dec 19 10:56:27 AM MSK 2025] Начало записи: screen_20251219_105627_segment_31.mp4
[Fri Dec 19 11:01:28 AM MSK 2025] Завершена запись: screen_20251219_105627_segment_31.mp4
[Fri Dec 19 11:01:29 AM MSK 2025] Начало записи: screen_20251219_110129_segment_32.mp4
[Fri Dec 19 11:06:29 AM MSK 2025] Завершена запись: screen_20251219_110129_segment_32.mp4
[Fri Dec 19 11:06:30 AM MSK 2025] Начало записи: screen_20251219_110630_segment_33.mp4
[Fri Dec 19 11:11:30 AM MSK 2025] Завершена запись: screen_20251219_110630_segment_33.mp4
[Fri Dec 19 11:11:31 AM MSK 2025] Начало записи: screen_20251219_111131_segment_34.mp4
[Fri Dec 19 11:16:32 AM MSK 2025] Завершена запись: screen_20251219_111131_segment_34.mp4
[Fri Dec 19 11:16:33 AM MSK 2025] Начало записи: screen_20251219_111633_segment_35.mp4
[Fri Dec 19 11:21:33 AM MSK 2025] Завершена запись: screen_20251219_111633_segment_35.mp4
[Fri Dec 19 11:21:34 AM MSK 2025] Начало записи: screen_20251219_112134_segment_36.mp4
[Fri Dec 19 11:26:34 AM MSK 2025] Завершена запись: screen_20251219_112134_segment_36.mp4
[Fri Dec 19 11:26:35 AM MSK 2025] Начало записи: screen_20251219_112635_segment_37.mp4
[Fri Dec 19 11:31:35 AM MSK 2025] Завершена запись: screen_20251219_112635_segment_37.mp4
[Fri Dec 19 11:31:36 AM MSK 2025] Начало записи: screen_20251219_113136_segment_38.mp4
[Fri Dec 19 11:36:36 AM MSK 2025] Завершена запись: screen_20251219_113136_segment_38.mp4
[Fri Dec 19 11:36:37 AM MSK 2025] Начало записи: screen_20251219_113637_segment_39.mp4
[Fri Dec 19 11:41:38 AM MSK 2025] Завершена запись: screen_20251219_113637_segment_39.mp4
[Fri Dec 19 11:41:39 AM MSK 2025] Начало записи: screen_20251219_114139_segment_40.mp4
[Fri Dec 19 11:46:39 AM MSK 2025] Завершена запись: screen_20251219_114139_segment_40.mp4
[Fri Dec 19 11:46:40 AM MSK 2025] Начало записи: screen_20251219_114640_segment_41.mp4
[Fri Dec 19 11:51:40 AM MSK 2025] Завершена запись: screen_20251219_114640_segment_41.mp4
[Fri Dec 19 11:51:41 AM MSK 2025] Начало записи: screen_20251219_115141_segment_42.mp4
[Fri Dec 19 11:56:41 AM MSK 2025] Завершена запись: screen_20251219_115141_segment_42.mp4
[Fri Dec 19 11:56:42 AM MSK 2025] Начало записи: screen_20251219_115642_segment_43.mp4
[Fri Dec 19 12:01:43 PM MSK 2025] Завершена запись: screen_20251219_115642_segment_43.mp4
[Fri Dec 19 12:01:44 PM MSK 2025] Начало записи: screen_20251219_120144_segment_44.mp4
[Fri Dec 19 12:06:44 PM MSK 2025] Завершена запись: screen_20251219_120144_segment_44.mp4
[Fri Dec 19 12:06:45 PM MSK 2025] Начало записи: screen_20251219_120645_segment_45.mp4
[Fri Dec 19 12:11:45 PM MSK 2025] Завершена запись: screen_20251219_120645_segment_45.mp4
[Fri Dec 19 12:11:46 PM MSK 2025] Начало записи: screen_20251219_121146_segment_46.mp4
[Fri Dec 19 12:16:46 PM MSK 2025] Завершена запись: screen_20251219_121146_segment_46.mp4
[Fri Dec 19 12:16:47 PM MSK 2025] Начало записи: screen_20251219_121647_segment_47.mp4
[Fri Dec 19 12:21:48 PM MSK 2025] Завершена запись: screen_20251219_121647_segment_47.mp4
[Fri Dec 19 12:21:49 PM MSK 2025] Начало записи: screen_20251219_122149_segment_48.mp4
[Fri Dec 19 12:26:49 PM MSK 2025] Завершена запись: screen_20251219_122149_segment_48.mp4
[Fri Dec 19 12:26:50 PM MSK 2025] Начало записи: screen_20251219_122650_segment_49.mp4
[Fri Dec 19 12:31:50 PM MSK 2025] Завершена запись: screen_20251219_122650_segment_49.mp4
[Fri Dec 19 12:31:51 PM MSK 2025] Начало записи: screen_20251219_123151_segment_50.mp4
[Fri Dec 19 12:36:51 PM MSK 2025] Завершена запись: screen_20251219_123151_segment_50.mp4
[Fri Dec 19 12:36:52 PM MSK 2025] Начало записи: screen_20251219_123652_segment_51.mp4
[Fri Dec 19 12:41:52 PM MSK 2025] Завершена запись: screen_20251219_123652_segment_51.mp4
[Fri Dec 19 12:41:53 PM MSK 2025] Начало записи: screen_20251219_124153_segment_52.mp4
[Fri Dec 19 12:46:54 PM MSK 2025] Завершена запись: screen_20251219_124153_segment_52.mp4
[Fri Dec 19 12:46:55 PM MSK 2025] Начало записи: screen_20251219_124655_segment_53.mp4
[Fri Dec 19 12:51:55 PM MSK 2025] Завершена запись: screen_20251219_124655_segment_53.mp4
[Fri Dec 19 12:51:56 PM MSK 2025] Начало записи: screen_20251219_125156_segment_54.mp4
[Fri Dec 19 12:56:56 PM MSK 2025] Завершена запись: screen_20251219_125156_segment_54.mp4
[Fri Dec 19 12:56:57 PM MSK 2025] Начало записи: screen_20251219_125657_segment_55.mp4
[Fri Dec 19 01:01:57 PM MSK 2025] Завершена запись: screen_20251219_125657_segment_55.mp4
[Fri Dec 19 01:01:58 PM MSK 2025] Начало записи: screen_20251219_130158_segment_56.mp4
[Fri Dec 19 01:06:58 PM MSK 2025] Завершена запись: screen_20251219_130158_segment_56.mp4
[Fri Dec 19 01:06:59 PM MSK 2025] Начало записи: screen_20251219_130659_segment_57.mp4
[Fri Dec 19 01:12:00 PM MSK 2025] Завершена запись: screen_20251219_130659_segment_57.mp4
[Fri Dec 19 01:12:01 PM MSK 2025] Начало записи: screen_20251219_131201_segment_58.mp4
[Fri Dec 19 01:17:01 PM MSK 2025] Завершена запись: screen_20251219_131201_segment_58.mp4
[Fri Dec 19 01:17:02 PM MSK 2025] Начало записи: screen_20251219_131702_segment_59.mp4
[Fri Dec 19 01:22:02 PM MSK 2025] Завершена запись: screen_20251219_131702_segment_59.mp4
[Fri Dec 19 01:22:03 PM MSK 2025] Начало записи: screen_20251219_132203_segment_60.mp4
[Fri Dec 19 01:27:04 PM MSK 2025] Завершена запись: screen_20251219_132203_segment_60.mp4
[Fri Dec 19 01:27:05 PM MSK 2025] Начало записи: screen_20251219_132705_segment_61.mp4
[Fri Dec 19 01:32:05 PM MSK 2025] Завершена запись: screen_20251219_132705_segment_61.mp4
[Fri Dec 19 01:32:06 PM MSK 2025] Начало записи: screen_20251219_133206_segment_62.mp4
[Fri Dec 19 01:37:06 PM MSK 2025] Завершена запись: screen_20251219_133206_segment_62.mp4
[Fri Dec 19 01:37:08 PM MSK 2025] Начало записи: screen_20251219_133708_segment_63.mp4
[Fri Dec 19 01:42:08 PM MSK 2025] Завершена запись: screen_20251219_133708_segment_63.mp4
[Fri Dec 19 01:42:09 PM MSK 2025] Начало записи: screen_20251219_134209_segment_64.mp4
[Fri Dec 19 01:47:09 PM MSK 2025] Завершена запись: screen_20251219_134209_segment_64.mp4
[Fri Dec 19 01:47:10 PM MSK 2025] Начало записи: screen_20251219_134710_segment_65.mp4
[Fri Dec 19 01:52:10 PM MSK 2025] Завершена запись: screen_20251219_134710_segment_65.mp4
[Fri Dec 19 01:52:11 PM MSK 2025] Начало записи: screen_20251219_135211_segment_66.mp4
[Fri Dec 19 01:57:12 PM MSK 2025] Завершена запись: screen_20251219_135211_segment_66.mp4
[Fri Dec 19 01:57:13 PM MSK 2025] Начало записи: screen_20251219_135713_segment_67.mp4
[Fri Dec 19 02:02:13 PM MSK 2025] Завершена запись: screen_20251219_135713_segment_67.mp4
[Fri Dec 19 02:02:14 PM MSK 2025] Начало записи: screen_20251219_140214_segment_68.mp4
[Fri Dec 19 02:07:14 PM MSK 2025] Завершена запись: screen_20251219_140214_segment_68.mp4
[Fri Dec 19 02:07:15 PM MSK 2025] Начало записи: screen_20251219_140715_segment_69.mp4
[Fri Dec 19 02:12:16 PM MSK 2025] Завершена запись: screen_20251219_140715_segment_69.mp4
[Fri Dec 19 02:12:17 PM MSK 2025] Начало записи: screen_20251219_141217_segment_70.mp4
[Fri Dec 19 02:17:17 PM MSK 2025] Завершена запись: screen_20251219_141217_segment_70.mp4
[Fri Dec 19 02:17:18 PM MSK 2025] Начало записи: screen_20251219_141718_segment_71.mp4
[Fri Dec 19 02:22:18 PM MSK 2025] Завершена запись: screen_20251219_141718_segment_71.mp4
[Fri Dec 19 02:22:19 PM MSK 2025] Начало записи: screen_20251219_142219_segment_72.mp4
[Fri Dec 19 02:27:20 PM MSK 2025] Завершена запись: screen_20251219_142219_segment_72.mp4
[Fri Dec 19 02:27:21 PM MSK 2025] Начало записи: screen_20251219_142721_segment_73.mp4
[Fri Dec 19 02:32:21 PM MSK 2025] Завершена запись: screen_20251219_142721_segment_73.mp4
[Fri Dec 19 02:32:22 PM MSK 2025] Начало записи: screen_20251219_143222_segment_74.mp4
[Fri Dec 19 02:37:22 PM MSK 2025] Завершена запись: screen_20251219_143222_segment_74.mp4
[Fri Dec 19 02:37:23 PM MSK 2025] Начало записи: screen_20251219_143723_segment_75.mp4
[Fri Dec 19 02:42:24 PM MSK 2025] Завершена запись: screen_20251219_143723_segment_75.mp4
[Fri Dec 19 02:42:25 PM MSK 2025] Начало записи: screen_20251219_144225_segment_76.mp4
[Fri Dec 19 02:47:25 PM MSK 2025] Завершена запись: screen_20251219_144225_segment_76.mp4
[Fri Dec 19 02:47:26 PM MSK 2025] Начало записи: screen_20251219_144726_segment_77.mp4
[Fri Dec 19 02:52:26 PM MSK 2025] Завершена запись: screen_20251219_144726_segment_77.mp4
[Fri Dec 19 02:52:27 PM MSK 2025] Начало записи: screen_20251219_145227_segment_78.mp4
[Fri Dec 19 02:57:28 PM MSK 2025] Завершена запись: screen_20251219_145227_segment_78.mp4
[Fri Dec 19 02:57:29 PM MSK 2025] Начало записи: screen_20251219_145729_segment_79.mp4
[Fri Dec 19 03:02:29 PM MSK 2025] Завершена запись: screen_20251219_145729_segment_79.mp4
[Fri Dec 19 03:02:30 PM MSK 2025] Начало записи: screen_20251219_150230_segment_80.mp4
[Fri Dec 19 03:07:30 PM MSK 2025] Завершена запись: screen_20251219_150230_segment_80.mp4
[Fri Dec 19 03:07:31 PM MSK 2025] Начало записи: screen_20251219_150731_segment_81.mp4
[Fri Dec 19 03:12:31 PM MSK 2025] Завершена запись: screen_20251219_150731_segment_81.mp4
[Fri Dec 19 03:12:32 PM MSK 2025] Начало записи: screen_20251219_151232_segment_82.mp4
[Fri Dec 19 03:17:32 PM MSK 2025] Завершена запись: screen_20251219_151232_segment_82.mp4
[Fri Dec 19 03:17:33 PM MSK 2025] Начало записи: screen_20251219_151733_segment_83.mp4
[Fri Dec 19 03:22:33 PM MSK 2025] Завершена запись: screen_20251219_151733_segment_83.mp4
[Fri Dec 19 03:22:34 PM MSK 2025] Начало записи: screen_20251219_152234_segment_84.mp4
[Fri Dec 19 03:27:35 PM MSK 2025] Завершена запись: screen_20251219_152234_segment_84.mp4
[Fri Dec 19 03:27:36 PM MSK 2025] Начало записи: screen_20251219_152736_segment_85.mp4
[Fri Dec 19 03:32:36 PM MSK 2025] Завершена запись: screen_20251219_152736_segment_85.mp4
[Fri Dec 19 03:32:37 PM MSK 2025] Начало записи: screen_20251219_153237_segment_86.mp4
[Fri Dec 19 03:37:37 PM MSK 2025] Завершена запись: screen_20251219_153237_segment_86.mp4
[Fri Dec 19 03:37:38 PM MSK 2025] Начало записи: screen_20251219_153738_segment_87.mp4
[Fri Dec 19 03:42:38 PM MSK 2025] Завершена запись: screen_20251219_153738_segment_87.mp4
[Fri Dec 19 03:42:39 PM MSK 2025] Начало записи: screen_20251219_154239_segment_88.mp4
[Fri Dec 19 03:47:40 PM MSK 2025] Завершена запись: screen_20251219_154239_segment_88.mp4
[Fri Dec 19 03:47:41 PM MSK 2025] Начало записи: screen_20251219_154741_segment_89.mp4
[Fri Dec 19 03:52:41 PM MSK 2025] Завершена запись: screen_20251219_154741_segment_89.mp4
[Fri Dec 19 03:52:42 PM MSK 2025] Начало записи: screen_20251219_155242_segment_90.mp4
[Fri Dec 19 03:57:44 PM MSK 2025] Завершена запись: screen_20251219_155242_segment_90.mp4
[Fri Dec 19 03:57:45 PM MSK 2025] Начало записи: screen_20251219_155745_segment_91.mp4
[Fri Dec 19 04:02:45 PM MSK 2025] Завершена запись: screen_20251219_155745_segment_91.mp4
[Fri Dec 19 04:02:46 PM MSK 2025] Начало записи: screen_20251219_160246_segment_92.mp4
[Fri Dec 19 04:07:47 PM MSK 2025] Завершена запись: screen_20251219_160246_segment_92.mp4
[Fri Dec 19 04:07:48 PM MSK 2025] Начало записи: screen_20251219_160748_segment_93.mp4
[Fri Dec 19 04:12:48 PM MSK 2025] Завершена запись: screen_20251219_160748_segment_93.mp4
[Fri Dec 19 04:12:49 PM MSK 2025] Начало записи: screen_20251219_161249_segment_94.mp4
[Fri Dec 19 04:17:50 PM MSK 2025] Завершена запись: screen_20251219_161249_segment_94.mp4
[Fri Dec 19 04:17:51 PM MSK 2025] Начало записи: screen_20251219_161751_segment_95.mp4
[Fri Dec 19 04:22:51 PM MSK 2025] Завершена запись: screen_20251219_161751_segment_95.mp4
[Fri Dec 19 04:22:52 PM MSK 2025] Начало записи: screen_20251219_162252_segment_96.mp4
[Fri Dec 19 04:27:52 PM MSK 2025] Завершена запись: screen_20251219_162252_segment_96.mp4
[Fri Dec 19 04:27:53 PM MSK 2025] Начало записи: screen_20251219_162753_segment_97.mp4
[Fri Dec 19 04:32:53 PM MSK 2025] Завершена запись: screen_20251219_162753_segment_97.mp4
[Fri Dec 19 04:32:54 PM MSK 2025] Начало записи: screen_20251219_163254_segment_98.mp4
[Fri Dec 19 04:37:55 PM MSK 2025] Завершена запись: screen_20251219_163254_segment_98.mp4
[Fri Dec 19 04:37:56 PM MSK 2025] Начало записи: screen_20251219_163756_segment_99.mp4
[Fri Dec 19 04:42:56 PM MSK 2025] Завершена запись: screen_20251219_163756_segment_99.mp4
[Fri Dec 19 04:42:57 PM MSK 2025] Начало записи: screen_20251219_164257_segment_100.mp4
[Mon Dec 22 09:56:53 AM MSK 2025] Завершена запись: screen_20251219_164257_segment_100.mp4
[Mon Dec 22 09:56:55 AM MSK 2025] Начало записи: screen_20251222_095655_segment_101.mp4
[Mon Dec 22 10:01:55 AM MSK 2025] Завершена запись: screen_20251222_095655_segment_101.mp4
[Mon Dec 22 10:01:56 AM MSK 2025] Начало записи: screen_20251222_100156_segment_102.mp4
[Mon Dec 22 10:06:56 AM MSK 2025] Завершена запись: screen_20251222_100156_segment_102.mp4
[Mon Dec 22 10:06:57 AM MSK 2025] Начало записи: screen_20251222_100657_segment_103.mp4
[Mon Dec 22 10:11:57 AM MSK 2025] Завершена запись: screen_20251222_100657_segment_103.mp4
[Mon Dec 22 10:11:58 AM MSK 2025] Начало записи: screen_20251222_101158_segment_104.mp4
[Mon Dec 22 10:16:58 AM MSK 2025] Завершена запись: screen_20251222_101158_segment_104.mp4
[Mon Dec 22 10:16:59 AM MSK 2025] Начало записи: screen_20251222_101659_segment_105.mp4
[Mon Dec 22 10:22:00 AM MSK 2025] Завершена запись: screen_20251222_101659_segment_105.mp4
[Mon Dec 22 10:22:01 AM MSK 2025] Начало записи: screen_20251222_102201_segment_106.mp4
[Mon Dec 22 10:27:01 AM MSK 2025] Завершена запись: screen_20251222_102201_segment_106.mp4
[Mon Dec 22 10:27:02 AM MSK 2025] Начало записи: screen_20251222_102702_segment_107.mp4
[Mon Dec 22 10:32:02 AM MSK 2025] Завершена запись: screen_20251222_102702_segment_107.mp4
[Mon Dec 22 10:32:03 AM MSK 2025] Начало записи: screen_20251222_103203_segment_108.mp4
[Mon Dec 22 10:37:04 AM MSK 2025] Завершена запись: screen_20251222_103203_segment_108.mp4
[Mon Dec 22 10:37:05 AM MSK 2025] Начало записи: screen_20251222_103705_segment_109.mp4
[Mon Dec 22 10:42:06 AM MSK 2025] Завершена запись: screen_20251222_103705_segment_109.mp4
[Mon Dec 22 10:42:07 AM MSK 2025] Начало записи: screen_20251222_104207_segment_110.mp4
[Mon Dec 22 10:47:07 AM MSK 2025] Завершена запись: screen_20251222_104207_segment_110.mp4
[Mon Dec 22 10:47:08 AM MSK 2025] Начало записи: screen_20251222_104708_segment_111.mp4
[Mon Dec 22 10:52:08 AM MSK 2025] Завершена запись: screen_20251222_104708_segment_111.mp4
[Mon Dec 22 10:52:09 AM MSK 2025] Начало записи: screen_20251222_105209_segment_112.mp4
[Mon Dec 22 10:57:09 AM MSK 2025] Завершена запись: screen_20251222_105209_segment_112.mp4
[Mon Dec 22 10:57:10 AM MSK 2025] Начало записи: screen_20251222_105710_segment_113.mp4
[Mon Dec 22 11:02:10 AM MSK 2025] Завершена запись: screen_20251222_105710_segment_113.mp4
[Mon Dec 22 11:02:11 AM MSK 2025] Начало записи: screen_20251222_110211_segment_114.mp4
[Mon Dec 22 11:07:12 AM MSK 2025] Завершена запись: screen_20251222_110211_segment_114.mp4
[Mon Dec 22 11:07:13 AM MSK 2025] Начало записи: screen_20251222_110713_segment_115.mp4
[Mon Dec 22 11:12:13 AM MSK 2025] Завершена запись: screen_20251222_110713_segment_115.mp4
[Mon Dec 22 11:12:14 AM MSK 2025] Начало записи: screen_20251222_111214_segment_116.mp4
[Mon Dec 22 11:17:14 AM MSK 2025] Завершена запись: screen_20251222_111214_segment_116.mp4
[Mon Dec 22 11:17:15 AM MSK 2025] Начало записи: screen_20251222_111715_segment_117.mp4
[Mon Dec 22 11:22:15 AM MSK 2025] Завершена запись: screen_20251222_111715_segment_117.mp4
[Mon Dec 22 11:22:16 AM MSK 2025] Начало записи: screen_20251222_112216_segment_118.mp4
[Mon Dec 22 11:27:17 AM MSK 2025] Завершена запись: screen_20251222_112216_segment_118.mp4
[Mon Dec 22 11:27:18 AM MSK 2025] Начало записи: screen_20251222_112718_segment_119.mp4
[Mon Dec 22 11:32:18 AM MSK 2025] Завершена запись: screen_20251222_112718_segment_119.mp4
[Mon Dec 22 11:32:19 AM MSK 2025] Начало записи: screen_20251222_113219_segment_120.mp4
[Mon Dec 22 11:37:20 AM MSK 2025] Завершена запись: screen_20251222_113219_segment_120.mp4
[Mon Dec 22 11:37:21 AM MSK 2025] Начало записи: screen_20251222_113721_segment_121.mp4
[Mon Dec 22 11:42:21 AM MSK 2025] Завершена запись: screen_20251222_113721_segment_121.mp4
[Mon Dec 22 11:42:22 AM MSK 2025] Начало записи: screen_20251222_114222_segment_122.mp4
[Mon Dec 22 11:47:22 AM MSK 2025] Завершена запись: screen_20251222_114222_segment_122.mp4
[Mon Dec 22 11:47:23 AM MSK 2025] Начало записи: screen_20251222_114723_segment_123.mp4
[Mon Dec 22 11:52:23 AM MSK 2025] Завершена запись: screen_20251222_114723_segment_123.mp4
[Mon Dec 22 11:52:24 AM MSK 2025] Начало записи: screen_20251222_115224_segment_124.mp4
[Mon Dec 22 11:57:24 AM MSK 2025] Завершена запись: screen_20251222_115224_segment_124.mp4
[Mon Dec 22 11:57:25 AM MSK 2025] Начало записи: screen_20251222_115725_segment_125.mp4
[Mon Dec 22 12:02:25 PM MSK 2025] Завершена запись: screen_20251222_115725_segment_125.mp4
[Mon Dec 22 12:02:26 PM MSK 2025] Начало записи: screen_20251222_120226_segment_126.mp4
[Mon Dec 22 12:07:27 PM MSK 2025] Завершена запись: screen_20251222_120226_segment_126.mp4
[Mon Dec 22 12:07:28 PM MSK 2025] Начало записи: screen_20251222_120728_segment_127.mp4
[Mon Dec 22 12:12:28 PM MSK 2025] Завершена запись: screen_20251222_120728_segment_127.mp4
[Mon Dec 22 12:12:29 PM MSK 2025] Начало записи: screen_20251222_121229_segment_128.mp4
[Mon Dec 22 12:17:29 PM MSK 2025] Завершена запись: screen_20251222_121229_segment_128.mp4
[Mon Dec 22 12:17:30 PM MSK 2025] Начало записи: screen_20251222_121730_segment_129.mp4
[Mon Dec 22 12:22:30 PM MSK 2025] Завершена запись: screen_20251222_121730_segment_129.mp4
[Mon Dec 22 12:22:31 PM MSK 2025] Начало записи: screen_20251222_122231_segment_130.mp4
[Mon Dec 22 12:27:32 PM MSK 2025] Завершена запись: screen_20251222_122231_segment_130.mp4
[Mon Dec 22 12:27:33 PM MSK 2025] Начало записи: screen_20251222_122733_segment_131.mp4
[Mon Dec 22 12:32:33 PM MSK 2025] Завершена запись: screen_20251222_122733_segment_131.mp4
[Mon Dec 22 12:32:34 PM MSK 2025] Начало записи: screen_20251222_123234_segment_132.mp4
[Mon Dec 22 12:37:34 PM MSK 2025] Завершена запись: screen_20251222_123234_segment_132.mp4
[Mon Dec 22 12:37:35 PM MSK 2025] Начало записи: screen_20251222_123735_segment_133.mp4
[Mon Dec 22 12:42:37 PM MSK 2025] Завершена запись: screen_20251222_123735_segment_133.mp4
[Mon Dec 22 12:42:38 PM MSK 2025] Начало записи: screen_20251222_124238_segment_134.mp4
[Mon Dec 22 12:47:38 PM MSK 2025] Завершена запись: screen_20251222_124238_segment_134.mp4
[Mon Dec 22 12:47:39 PM MSK 2025] Начало записи: screen_20251222_124739_segment_135.mp4
[Mon Dec 22 12:52:39 PM MSK 2025] Завершена запись: screen_20251222_124739_segment_135.mp4
[Mon Dec 22 12:52:40 PM MSK 2025] Начало записи: screen_20251222_125240_segment_136.mp4
[Mon Dec 22 12:57:40 PM MSK 2025] Завершена запись: screen_20251222_125240_segment_136.mp4
[Mon Dec 22 12:57:42 PM MSK 2025] Начало записи: screen_20251222_125741_segment_137.mp4
[Mon Dec 22 01:02:42 PM MSK 2025] Завершена запись: screen_20251222_125741_segment_137.mp4
[Mon Dec 22 01:02:43 PM MSK 2025] Начало записи: screen_20251222_130243_segment_138.mp4
[Mon Dec 22 01:07:43 PM MSK 2025] Завершена запись: screen_20251222_130243_segment_138.mp4
[Mon Dec 22 01:07:44 PM MSK 2025] Начало записи: screen_20251222_130744_segment_139.mp4
[Mon Dec 22 01:12:45 PM MSK 2025] Завершена запись: screen_20251222_130744_segment_139.mp4
[Mon Dec 22 01:12:46 PM MSK 2025] Начало записи: screen_20251222_131246_segment_140.mp4
[Mon Dec 22 01:17:46 PM MSK 2025] Завершена запись: screen_20251222_131246_segment_140.mp4
[Mon Dec 22 01:17:47 PM MSK 2025] Начало записи: screen_20251222_131747_segment_141.mp4
[Mon Dec 22 01:22:48 PM MSK 2025] Завершена запись: screen_20251222_131747_segment_141.mp4
[Mon Dec 22 01:22:49 PM MSK 2025] Начало записи: screen_20251222_132249_segment_142.mp4
[Mon Dec 22 01:27:49 PM MSK 2025] Завершена запись: screen_20251222_132249_segment_142.mp4
[Mon Dec 22 01:27:50 PM MSK 2025] Начало записи: screen_20251222_132750_segment_143.mp4
[Mon Dec 22 01:32:50 PM MSK 2025] Завершена запись: screen_20251222_132750_segment_143.mp4
[Mon Dec 22 01:32:51 PM MSK 2025] Начало записи: screen_20251222_133251_segment_144.mp4
[Mon Dec 22 01:37:52 PM MSK 2025] Завершена запись: screen_20251222_133251_segment_144.mp4
[Mon Dec 22 01:37:53 PM MSK 2025] Начало записи: screen_20251222_133753_segment_145.mp4
[Mon Dec 22 01:42:53 PM MSK 2025] Завершена запись: screen_20251222_133753_segment_145.mp4
[Mon Dec 22 01:42:54 PM MSK 2025] Начало записи: screen_20251222_134254_segment_146.mp4
[Mon Dec 22 01:47:54 PM MSK 2025] Завершена запись: screen_20251222_134254_segment_146.mp4
[Mon Dec 22 01:47:55 PM MSK 2025] Начало записи: screen_20251222_134755_segment_147.mp4
[Mon Dec 22 01:52:55 PM MSK 2025] Завершена запись: screen_20251222_134755_segment_147.mp4
[Mon Dec 22 01:52:56 PM MSK 2025] Начало записи: screen_20251222_135256_segment_148.mp4
[Mon Dec 22 01:57:56 PM MSK 2025] Завершена запись: screen_20251222_135256_segment_148.mp4
[Mon Dec 22 01:57:57 PM MSK 2025] Начало записи: screen_20251222_135757_segment_149.mp4
[Mon Dec 22 02:02:58 PM MSK 2025] Завершена запись: screen_20251222_135757_segment_149.mp4
[Mon Dec 22 02:02:59 PM MSK 2025] Начало записи: screen_20251222_140259_segment_150.mp4
[Mon Dec 22 02:07:59 PM MSK 2025] Завершена запись: screen_20251222_140259_segment_150.mp4
[Mon Dec 22 02:08:00 PM MSK 2025] Начало записи: screen_20251222_140800_segment_151.mp4
[Mon Dec 22 02:13:00 PM MSK 2025] Завершена запись: screen_20251222_140800_segment_151.mp4
[Mon Dec 22 02:13:01 PM MSK 2025] Начало записи: screen_20251222_141301_segment_152.mp4
[Mon Dec 22 02:18:01 PM MSK 2025] Завершена запись: screen_20251222_141301_segment_152.mp4
[Mon Dec 22 02:18:02 PM MSK 2025] Начало записи: screen_20251222_141802_segment_153.mp4
[Mon Dec 22 02:23:02 PM MSK 2025] Завершена запись: screen_20251222_141802_segment_153.mp4
[Mon Dec 22 02:23:03 PM MSK 2025] Начало записи: screen_20251222_142303_segment_154.mp4
[Mon Dec 22 02:28:04 PM MSK 2025] Завершена запись: screen_20251222_142303_segment_154.mp4
[Mon Dec 22 02:28:05 PM MSK 2025] Начало записи: screen_20251222_142805_segment_155.mp4
[Mon Dec 22 02:33:06 PM MSK 2025] Завершена запись: screen_20251222_142805_segment_155.mp4
[Mon Dec 22 02:33:07 PM MSK 2025] Начало записи: screen_20251222_143307_segment_156.mp4
[Mon Dec 22 02:38:07 PM MSK 2025] Завершена запись: screen_20251222_143307_segment_156.mp4
[Mon Dec 22 02:38:08 PM MSK 2025] Начало записи: screen_20251222_143808_segment_157.mp4
[Mon Dec 22 02:43:08 PM MSK 2025] Завершена запись: screen_20251222_143808_segment_157.mp4
[Mon Dec 22 02:43:09 PM MSK 2025] Начало записи: screen_20251222_144309_segment_158.mp4
[Mon Dec 22 02:48:10 PM MSK 2025] Завершена запись: screen_20251222_144309_segment_158.mp4
[Mon Dec 22 02:48:11 PM MSK 2025] Начало записи: screen_20251222_144811_segment_159.mp4
[Mon Dec 22 02:53:11 PM MSK 2025] Завершена запись: screen_20251222_144811_segment_159.mp4
[Mon Dec 22 02:53:12 PM MSK 2025] Начало записи: screen_20251222_145312_segment_160.mp4
[Mon Dec 22 02:58:12 PM MSK 2025] Завершена запись: screen_20251222_145312_segment_160.mp4
[Mon Dec 22 02:58:13 PM MSK 2025] Начало записи: screen_20251222_145813_segment_161.mp4
[Mon Dec 22 03:03:13 PM MSK 2025] Завершена запись: screen_20251222_145813_segment_161.mp4
[Mon Dec 22 03:03:14 PM MSK 2025] Начало записи: screen_20251222_150314_segment_162.mp4
[Mon Dec 22 03:08:14 PM MSK 2025] Завершена запись: screen_20251222_150314_segment_162.mp4
[Mon Dec 22 03:08:15 PM MSK 2025] Начало записи: screen_20251222_150815_segment_163.mp4
[Mon Dec 22 03:13:16 PM MSK 2025] Завершена запись: screen_20251222_150815_segment_163.mp4
[Mon Dec 22 03:13:17 PM MSK 2025] Начало записи: screen_20251222_151317_segment_164.mp4
[Mon Dec 22 03:18:17 PM MSK 2025] Завершена запись: screen_20251222_151317_segment_164.mp4
[Mon Dec 22 03:18:18 PM MSK 2025] Начало записи: screen_20251222_151818_segment_165.mp4
[Mon Dec 22 03:23:18 PM MSK 2025] Завершена запись: screen_20251222_151818_segment_165.mp4
[Mon Dec 22 03:23:19 PM MSK 2025] Начало записи: screen_20251222_152319_segment_166.mp4
[Mon Dec 22 03:28:19 PM MSK 2025] Завершена запись: screen_20251222_152319_segment_166.mp4
[Mon Dec 22 03:28:20 PM MSK 2025] Начало записи: screen_20251222_152820_segment_167.mp4
[Mon Dec 22 03:33:21 PM MSK 2025] Завершена запись: screen_20251222_152820_segment_167.mp4
[Mon Dec 22 03:33:22 PM MSK 2025] Начало записи: screen_20251222_153322_segment_168.mp4
[Mon Dec 22 03:38:22 PM MSK 2025] Завершена запись: screen_20251222_153322_segment_168.mp4
[Mon Dec 22 03:38:23 PM MSK 2025] Начало записи: screen_20251222_153823_segment_169.mp4
[Mon Dec 22 03:43:23 PM MSK 2025] Завершена запись: screen_20251222_153823_segment_169.mp4
[Mon Dec 22 03:43:24 PM MSK 2025] Начало записи: screen_20251222_154324_segment_170.mp4
[Mon Dec 22 03:48:24 PM MSK 2025] Завершена запись: screen_20251222_154324_segment_170.mp4
[Mon Dec 22 03:48:25 PM MSK 2025] Начало записи: screen_20251222_154825_segment_171.mp4
[Mon Dec 22 03:53:26 PM MSK 2025] Завершена запись: screen_20251222_154825_segment_171.mp4
[Mon Dec 22 03:53:27 PM MSK 2025] Начало записи: screen_20251222_155327_segment_172.mp4
[Mon Dec 22 03:58:27 PM MSK 2025] Завершена запись: screen_20251222_155327_segment_172.mp4
[Mon Dec 22 03:58:28 PM MSK 2025] Начало записи: screen_20251222_155828_segment_173.mp4
[Mon Dec 22 04:03:28 PM MSK 2025] Завершена запись: screen_20251222_155828_segment_173.mp4
[Mon Dec 22 04:03:29 PM MSK 2025] Начало записи: screen_20251222_160329_segment_174.mp4
[Mon Dec 22 04:08:29 PM MSK 2025] Завершена запись: screen_20251222_160329_segment_174.mp4
[Mon Dec 22 04:08:30 PM MSK 2025] Начало записи: screen_20251222_160830_segment_175.mp4
[Mon Dec 22 04:13:30 PM MSK 2025] Завершена запись: screen_20251222_160830_segment_175.mp4
[Mon Dec 22 04:13:31 PM MSK 2025] Начало записи: screen_20251222_161331_segment_176.mp4
[Mon Dec 22 04:18:32 PM MSK 2025] Завершена запись: screen_20251222_161331_segment_176.mp4
[Mon Dec 22 04:18:33 PM MSK 2025] Начало записи: screen_20251222_161833_segment_177.mp4
[Mon Dec 22 04:23:33 PM MSK 2025] Завершена запись: screen_20251222_161833_segment_177.mp4
[Mon Dec 22 04:23:34 PM MSK 2025] Начало записи: screen_20251222_162334_segment_178.mp4
[Mon Dec 22 04:28:34 PM MSK 2025] Завершена запись: screen_20251222_162334_segment_178.mp4
[Mon Dec 22 04:28:35 PM MSK 2025] Начало записи: screen_20251222_162835_segment_179.mp4
[Mon Dec 22 04:33:35 PM MSK 2025] Завершена запись: screen_20251222_162835_segment_179.mp4
[Mon Dec 22 04:33:36 PM MSK 2025] Начало записи: screen_20251222_163336_segment_180.mp4
[Mon Dec 22 04:38:37 PM MSK 2025] Завершена запись: screen_20251222_163336_segment_180.mp4
[Mon Dec 22 04:38:38 PM MSK 2025] Начало записи: screen_20251222_163838_segment_181.mp4
[Mon Dec 22 04:43:38 PM MSK 2025] Завершена запись: screen_20251222_163838_segment_181.mp4
[Mon Dec 22 04:43:39 PM MSK 2025] Начало записи: screen_20251222_164339_segment_182.mp4
[Mon Dec 22 04:48:39 PM MSK 2025] Завершена запись: screen_20251222_164339_segment_182.mp4
[Mon Dec 22 04:48:40 PM MSK 2025] Начало записи: screen_20251222_164840_segment_183.mp4
[Mon Dec 22 04:53:41 PM MSK 2025] Завершена запись: screen_20251222_164840_segment_183.mp4
[Mon Dec 22 04:53:42 PM MSK 2025] Начало записи: screen_20251222_165342_segment_184.mp4
[Mon Dec 22 04:58:42 PM MSK 2025] Завершена запись: screen_20251222_165342_segment_184.mp4
[Mon Dec 22 04:58:43 PM MSK 2025] Начало записи: screen_20251222_165843_segment_185.mp4
[Mon Dec 22 05:03:43 PM MSK 2025] Завершена запись: screen_20251222_165843_segment_185.mp4
[Mon Dec 22 05:03:44 PM MSK 2025] Начало записи: screen_20251222_170344_segment_186.mp4
[Mon Dec 22 05:08:44 PM MSK 2025] Завершена запись: screen_20251222_170344_segment_186.mp4
[Mon Dec 22 05:08:45 PM MSK 2025] Начало записи: screen_20251222_170845_segment_187.mp4
[Mon Dec 22 05:09:21 PM MSK 2025] Начало записи: screen_2212-1709-rec_0.mp4
[Mon Dec 22 05:10:58 PM MSK 2025] Начало записи: screen_2212-1710-rec_0.mp4
[Mon Dec 22 05:12:18 PM MSK 2025] Начало записи: screen_2212-1712-rec_0.mp4
